<?xml version="1.0" encoding="UTF-8"?>
<testng-results skipped="0" failed="0" ignored="0" total="1" passed="1">
  <reporter-output>
  </reporter-output>
  <suite name="Default suite" duration-ms="16952" started-at="2018-11-14T08:44:11Z" finished-at="2018-11-14T08:44:28Z">
    <groups>
    </groups>
    <test name="Default test" duration-ms="16952" started-at="2018-11-14T08:44:11Z" finished-at="2018-11-14T08:44:28Z">
      <class name="com.crm.qa.testcases.LoginPageTest">
        <test-method status="PASS" signature="setUp()[pri:0, instance:com.crm.qa.testcases.LoginPageTest@27efef64]" name="setUp" is-config="true" duration-ms="10132" started-at="2018-11-14T13:44:11Z" finished-at="2018-11-14T13:44:21Z">
          <reporter-output>
          </reporter-output>
        </test-method> <!-- setUp -->
        <test-method status="PASS" signature="loginTest()[pri:4, instance:com.crm.qa.testcases.LoginPageTest@27efef64]" name="loginTest" duration-ms="5787" started-at="2018-11-14T13:44:21Z" finished-at="2018-11-14T13:44:27Z">
          <reporter-output>
          </reporter-output>
        </test-method> <!-- loginTest -->
        <test-method status="PASS" signature="tearDown()[pri:0, instance:com.crm.qa.testcases.LoginPageTest@27efef64]" name="tearDown" is-config="true" duration-ms="1005" started-at="2018-11-14T13:44:27Z" finished-at="2018-11-14T13:44:28Z">
          <reporter-output>
          </reporter-output>
        </test-method> <!-- tearDown -->
      </class> <!-- com.crm.qa.testcases.LoginPageTest -->
    </test> <!-- Default test -->
  </suite> <!-- Default suite -->
</testng-results>
